RUNNING rotateWhite()
RUNNING rotateBlue()
RUNNING rotateYellow()
RUNNING rotateYellow()
RUNNING rotateYellow()
RUNNING rotateBlue()
RUNNING rotateBlue()
RUNNING rotateBlue()
RUNNING rotateYellow()
RUNNING rotateYellow()
RUNNING rotateYellow()
RUNNING rotateRed()
RUNNING rotateRed()
RUNNING rotateRed()
RUNNING rotateRed()
RUNNING rotateRed()
RUNNING rotateRed()
RUNNING rotateBlue()
RUNNING rotateBlue()
RUNNING rotateBlue()
RUNNING rotateYellow()
RUNNING rotateBlue()
RUNNING rotateRed()
RUNNING rotateRed()
RUNNING rotateRed()
RUNNING rotateWhite()
RUNNING rotateWhite()
RUNNING rotateYellow()
RUNNING rotateYellow()
RUNNING rotateYellow()
RUNNING rotateYellow()
RUNNING rotateYellow()
RUNNING rotateYellow()
RUNNING rotateOrange()
RUNNING rotateYellow()
RUNNING rotateYellow()
RUNNING rotateYellow()
RUNNING rotateGreen()
RUNNING rotateYellow()
RUNNING rotateYellow()
RUNNING rotateYellow()
RUNNING rotateWhite()
RUNNING rotateOrange()
RUNNING rotateOrange()
RUNNING rotateOrange()
RUNNING rotateWhite()
RUNNING rotateWhite()
RUNNING rotateWhite()
RUNNING rotateRed()
RUNNING rotateRed()
RUNNING rotateRed()
RUNNING rotateWhite()
RUNNING rotateYellow()
RUNNING rotateYellow()
RUNNING rotateYellow()
RUNNING rotateGreen()
RUNNING rotateRed()
RUNNING rotateWhite()
RUNNING rotateWhite()
RUNNING rotateWhite()
RUNNING rotateYellow()
RUNNING rotateBlue()
RUNNING rotateBlue()
RUNNING rotateWhite()
RUNNING rotateYellow()
RUNNING rotateYellow()
RUNNING rotateYellow()
RUNNING rotateRed()
RUNNING rotateWhite()
RUNNING GETVALUES
orange yellow blue
blue white white
green blue green

yellow orange red
blue green white
orange blue orange

red yellow red
green red green
green orange blue

yellow red blue
white blue red
yellow green orange

blue green orange
yellow orange white
red yellow white

orange white red
white yellow yellow
green white red

ALL VALUES OF SECOND CUBE HAVE BEEN READ.
RUNNING ISEQUAL
FALSE
